生成启动时间为 2013/2/27 12:59:13。
     1>项目“C:\Users\bigbug\Desktop\LightTracer\LightTracer\LightTracer.vcxproj”在节点 2 上(Build 个目标)。
     1>ClCompile:
         C:\Program Files\Microsoft Visual Studio 11.0\VC\bin\CL.exe /c /Zi /nologo /W3 /WX- /sdl /O2 /Oi /Oy- /GL /D WIN32 /D NDEBUG /D _CONSOLE /D _UNICODE /D UNICODE /Gm- /EHsc /MD /GS /Gy /fp:precise /Zc:wchar_t /Zc:forScope /Yc"stdafx.h" /Fp"Release\LightTracer.pch" /Fo"Release\\" /Fd"Release\vc110.pdb" /Gd /TP /analyze- /errorReport:prompt stdafx.cpp
         stdafx.cpp
         C:\Program Files\Microsoft Visual Studio 11.0\VC\bin\CL.exe /c /Zi /nologo /W3 /WX- /sdl /O2 /Oi /Oy- /GL /D WIN32 /D NDEBUG /D _CONSOLE /D _UNICODE /D UNICODE /Gm- /EHsc /MD /GS /Gy /fp:precise /Zc:wchar_t /Zc:forScope /Yu"stdafx.h" /Fp"Release\LightTracer.pch" /Fo"Release\\" /Fd"Release\vc110.pdb" /Gd /TP /analyze- /errorReport:prompt AmbientLight.cpp DirectionalLight.cpp Light.cpp LightFactory.cpp main.cpp Parser.cpp Plane.cpp PointLight.cpp Primitive.cpp PrimitiveFactory.cpp RayTracer.cpp Sphere.cpp SpotLight.cpp Triangle.cpp
         AmbientLight.cpp
     1>c:\users\bigbug\desktop\lighttracer\lighttracer\light.h(3): fatal error C1083: 无法打开包括文件:“GLTools.h”: No such file or directory
         DirectionalLight.cpp
     1>c:\users\bigbug\desktop\lighttracer\lighttracer\light.h(3): fatal error C1083: 无法打开包括文件:“GLTools.h”: No such file or directory
         Light.cpp
     1>c:\users\bigbug\desktop\lighttracer\lighttracer\Light.h(3): fatal error C1083: 无法打开包括文件:“GLTools.h”: No such file or directory
         LightFactory.cpp
     1>c:\users\bigbug\desktop\lighttracer\lighttracer\Light.h(3): fatal error C1083: 无法打开包括文件:“GLTools.h”: No such file or directory
         main.cpp
     1>main.cpp(7): fatal error C1083: 无法打开包括文件:“GLTools.h”: No such file or directory
         Parser.cpp
     1>Parser.cpp(2): fatal error C1083: 无法打开包括文件:“GLTools.h”: No such file or directory
         Plane.cpp
     1>c:\users\bigbug\desktop\lighttracer\lighttracer\primitive.h(3): fatal error C1083: 无法打开包括文件:“GLTools.h”: No such file or directory
         PointLight.cpp
     1>c:\users\bigbug\desktop\lighttracer\lighttracer\light.h(3): fatal error C1083: 无法打开包括文件:“GLTools.h”: No such file or directory
         Primitive.cpp
     1>c:\users\bigbug\desktop\lighttracer\lighttracer\Primitive.h(3): fatal error C1083: 无法打开包括文件:“GLTools.h”: No such file or directory
         PrimitiveFactory.cpp
     1>PrimitiveFactory.cpp(3): fatal error C1083: 无法打开包括文件:“GLTools.h”: No such file or directory
         RayTracer.cpp
     1>c:\users\bigbug\desktop\lighttracer\lighttracer\Light.h(3): fatal error C1083: 无法打开包括文件:“GLTools.h”: No such file or directory
         Sphere.cpp
     1>c:\users\bigbug\desktop\lighttracer\lighttracer\primitive.h(3): fatal error C1083: 无法打开包括文件:“GLTools.h”: No such file or directory
         SpotLight.cpp
     1>c:\users\bigbug\desktop\lighttracer\lighttracer\light.h(3): fatal error C1083: 无法打开包括文件:“GLTools.h”: No such file or directory
         Triangle.cpp
     1>c:\users\bigbug\desktop\lighttracer\lighttracer\primitive.h(3): fatal error C1083: 无法打开包括文件:“GLTools.h”: No such file or directory
     1>已完成生成项目“C:\Users\bigbug\Desktop\LightTracer\LightTracer\LightTracer.vcxproj”(Build 个目标)的操作 - 失败。

生成失败。

已用时间 00:00:00.63
