生成启动时间为 2013/2/27 15:44:45。
     1>项目“C:\Users\bigbug\Desktop\LightTracer\LightTracer\LightTracer.vcxproj”在节点 2 上(Build 个目标)。
     1>ClCompile:
         C:\Program Files\Microsoft Visual Studio 11.0\VC\bin\CL.exe /c /ZI /nologo /W3 /WX- /sdl /Od /Oy- /D WIN32 /D _DEBUG /D _CONSOLE /D _UNICODE /D UNICODE /Gm /EHsc /RTC1 /MDd /GS /fp:precise /Zc:wchar_t /Zc:forScope /Yu"stdafx.h" /Fp"Debug\LightTracer.pch" /Fo"Debug\\" /Fd"Debug\vc110.pdb" /Gd /TP /analyze- /errorReport:prompt RayTracer.cpp
         RayTracer.cpp
     1>c:\users\bigbug\desktop\lighttracer\lighttracer\raytracer.cpp(15): warning C4305: “初始化”: 从“double”到“const GLfloat”截断
     1>c:\users\bigbug\desktop\lighttracer\lighttracer\raytracer.cpp(224): warning C4305: “参数”: 从“double”到“float”截断
     1>c:\users\bigbug\desktop\lighttracer\lighttracer\raytracer.cpp(225): warning C4244: “参数”: 从“double”转换到“float”，可能丢失数据
     1>c:\users\bigbug\desktop\lighttracer\lighttracer\raytracer.cpp(256): warning C4101: “vRayDir”: 未引用的局部变量
     1>c:\users\bigbug\desktop\lighttracer\lighttracer\raytracer.cpp(324): warning C4018: “<”: 有符号/无符号不匹配
     1>c:\users\bigbug\desktop\lighttracer\lighttracer\raytracer.cpp(330): warning C4018: “<”: 有符号/无符号不匹配
     1>c:\users\bigbug\desktop\lighttracer\lighttracer\raytracer.cpp(384): warning C4018: “<”: 有符号/无符号不匹配
     1>c:\users\bigbug\desktop\lighttracer\lighttracer\raytracer.cpp(435): warning C4244: “参数”: 从“double”转换到“const float”，可能丢失数据
     1>c:\users\bigbug\desktop\lighttracer\lighttracer\raytracer.cpp(449): warning C4244: “参数”: 从“double”转换到“const float”，可能丢失数据
     1>c:\users\bigbug\desktop\lighttracer\lighttracer\raytracer.cpp(509): warning C4244: “参数”: 从“GLint”转换到“float”，可能丢失数据
       Link:
         C:\Program Files\Microsoft Visual Studio 11.0\VC\bin\link.exe /ERRORREPORT:PROMPT /OUT:"C:\Users\bigbug\Desktop\LightTracer\Debug\LightTracer.exe" /INCREMENTAL /NOLOGO kernel32.lib user32.lib gdi32.lib winspool.lib comdlg32.lib advapi32.lib shell32.lib ole32.lib oleaut32.lib uuid.lib odbc32.lib odbccp32.lib /MANIFEST /MANIFESTUAC:"level='asInvoker' uiAccess='false'" /manifest:embed /DEBUG /PDB:"C:\Users\bigbug\Desktop\LightTracer\Debug\LightTracer.pdb" /SUBSYSTEM:CONSOLE /TLBID:1 /DYNAMICBASE /NXCOMPAT /IMPLIB:"C:\Users\bigbug\Desktop\LightTracer\Debug\LightTracer.lib" /MACHINE:X86 Debug\AmbientLight.obj
         Debug\DirectionalLight.obj
         Debug\Light.obj
         Debug\LightFactory.obj
         Debug\main.obj
         Debug\Parser.obj
         Debug\Plane.obj
         Debug\PointLight.obj
         Debug\Primitive.obj
         Debug\PrimitiveFactory.obj
         Debug\RayTracer.obj
         Debug\Sphere.obj
         Debug\SpotLight.obj
         Debug\stdafx.obj
         Debug\Triangle.obj
         ..\lib\freeglut_static.lib
         ..\lib\gltools.lib
         LightTracer.vcxproj -> C:\Users\bigbug\Desktop\LightTracer\Debug\LightTracer.exe
     1>已完成生成项目“C:\Users\bigbug\Desktop\LightTracer\LightTracer\LightTracer.vcxproj”(Build 个目标)的操作。

生成成功。

已用时间 00:00:02.87
