C:\USERS\BIGBUG\DESKTOP\LIGHTTRACER\LIGHTTRACER\DEBUG\LIGHTTRACER.PCH
C:\USERS\BIGBUG\DESKTOP\LIGHTTRACER\LIGHTTRACER\DEBUG\STDAFX.OBJ
C:\USERS\BIGBUG\DESKTOP\LIGHTTRACER\LIGHTTRACER\DEBUG\VC110.PDB
C:\USERS\BIGBUG\DESKTOP\LIGHTTRACER\LIGHTTRACER\DEBUG\AMBIENTLIGHT.OBJ
C:\USERS\BIGBUG\DESKTOP\LIGHTTRACER\LIGHTTRACER\DEBUG\DIRECTIONALLIGHT.OBJ
C:\USERS\BIGBUG\DESKTOP\LIGHTTRACER\LIGHTTRACER\DEBUG\LIGHT.OBJ
C:\USERS\BIGBUG\DESKTOP\LIGHTTRACER\LIGHTTRACER\DEBUG\LIGHTFACTORY.OBJ
C:\USERS\BIGBUG\DESKTOP\LIGHTTRACER\LIGHTTRACER\DEBUG\MAIN.OBJ
C:\USERS\BIGBUG\DESKTOP\LIGHTTRACER\LIGHTTRACER\DEBUG\PARSER.OBJ
C:\USERS\BIGBUG\DESKTOP\LIGHTTRACER\LIGHTTRACER\DEBUG\PLANE.OBJ
C:\USERS\BIGBUG\DESKTOP\LIGHTTRACER\LIGHTTRACER\DEBUG\POINTLIGHT.OBJ
C:\USERS\BIGBUG\DESKTOP\LIGHTTRACER\LIGHTTRACER\DEBUG\PRIMITIVE.OBJ
C:\USERS\BIGBUG\DESKTOP\LIGHTTRACER\LIGHTTRACER\DEBUG\PRIMITIVEFACTORY.OBJ
C:\USERS\BIGBUG\DESKTOP\LIGHTTRACER\LIGHTTRACER\DEBUG\RAYTRACER.OBJ
C:\USERS\BIGBUG\DESKTOP\LIGHTTRACER\LIGHTTRACER\DEBUG\SPHERE.OBJ
C:\USERS\BIGBUG\DESKTOP\LIGHTTRACER\LIGHTTRACER\DEBUG\SPOTLIGHT.OBJ
C:\USERS\BIGBUG\DESKTOP\LIGHTTRACER\LIGHTTRACER\DEBUG\TRIANGLE.OBJ
C:\USERS\BIGBUG\DESKTOP\LIGHTTRACER\DEBUG\LIGHTTRACER.ILK
C:\USERS\BIGBUG\DESKTOP\LIGHTTRACER\DEBUG\LIGHTTRACER.EXE
C:\USERS\BIGBUG\DESKTOP\LIGHTTRACER\DEBUG\LIGHTTRACER.PDB
C:\Users\bigbug\Desktop\LightTracer\LightTracer\Debug\AmbientLight.obj
C:\Users\bigbug\Desktop\LightTracer\LightTracer\Debug\DirectionalLight.obj
C:\Users\bigbug\Desktop\LightTracer\LightTracer\Debug\Light.obj
C:\Users\bigbug\Desktop\LightTracer\LightTracer\Debug\LightFactory.obj
C:\Users\bigbug\Desktop\LightTracer\LightTracer\Debug\main.obj
C:\Users\bigbug\Desktop\LightTracer\LightTracer\Debug\Parser.obj
C:\Users\bigbug\Desktop\LightTracer\LightTracer\Debug\Plane.obj
C:\Users\bigbug\Desktop\LightTracer\LightTracer\Debug\PointLight.obj
C:\Users\bigbug\Desktop\LightTracer\LightTracer\Debug\Primitive.obj
C:\Users\bigbug\Desktop\LightTracer\LightTracer\Debug\PrimitiveFactory.obj
C:\Users\bigbug\Desktop\LightTracer\LightTracer\Debug\RayTracer.obj
C:\Users\bigbug\Desktop\LightTracer\LightTracer\Debug\Sphere.obj
C:\Users\bigbug\Desktop\LightTracer\LightTracer\Debug\SpotLight.obj
C:\Users\bigbug\Desktop\LightTracer\LightTracer\Debug\stdafx.obj
C:\Users\bigbug\Desktop\LightTracer\LightTracer\Debug\Triangle.obj
C:\Users\bigbug\Desktop\LightTracer\LightTracer\Debug\cl.command.1.tlog
C:\Users\bigbug\Desktop\LightTracer\LightTracer\Debug\CL.read.1.tlog
C:\Users\bigbug\Desktop\LightTracer\LightTracer\Debug\CL.write.1.tlog
C:\Users\bigbug\Desktop\LightTracer\LightTracer\Debug\link-cvtres.read.1.tlog
C:\Users\bigbug\Desktop\LightTracer\LightTracer\Debug\link-cvtres.write.1.tlog
C:\Users\bigbug\Desktop\LightTracer\LightTracer\Debug\link-rc.read.1.tlog
C:\Users\bigbug\Desktop\LightTracer\LightTracer\Debug\link-rc.write.1.tlog
C:\Users\bigbug\Desktop\LightTracer\LightTracer\Debug\link.command.1.tlog
C:\Users\bigbug\Desktop\LightTracer\LightTracer\Debug\link.read.1.tlog
C:\Users\bigbug\Desktop\LightTracer\LightTracer\Debug\link.write.1.tlog
C:\Users\bigbug\Desktop\LightTracer\LightTracer\Debug\LightTracer.pch
C:\Users\bigbug\Desktop\LightTracer\LightTracer\Debug\vc110.idb
C:\Users\bigbug\Desktop\LightTracer\LightTracer\Debug\vc110.pdb
C:\Users\bigbug\Desktop\LightTracer\Debug\LightTracer.pdb
C:\Users\bigbug\Desktop\LightTracer\Debug\LightTracer.exe
C:\Users\bigbug\Desktop\LightTracer\Debug\LightTracer.ilk
